<?xml version="1.0" encoding="UTF-8"?>
<!-- Generated by org.testng.reporters.JUnitXMLReporter -->
<testsuite hostname="Kunals-Air.broadband" ignored="0" name="Run All" tests="2" failures="0" timestamp="2020-07-27T10:08:31 BST" time="22.82" errors="0">
  <testcase name="TakeScreenshots" time="9.623" classname="com.ScreenshotCompare_Multiple.Test_TakeScreenshots2"/>
  <testcase name="CompareScreenshots" time="8.439" classname="com.ScreenshotCompare_Multiple.Test_CompareScreenshot2"/>
</testsuite> <!-- Run All -->
